<?xml version="1.0" encoding="UTF-8"?>
<testsuite xmlns:xsi="http://www.w3.org/2001/XMLSchema-instance" xsi:noNamespaceSchemaLocation="https://maven.apache.org/surefire/maven-surefire-plugin/xsd/surefire-test-report-3.0.xsd" version="3.0" name="com.kafka.starter.StarterApplicationTests" time="1.55" tests="1" errors="0" skipped="0" failures="0">
  <properties>
[...]
</properties>
  <testcase name="contextLoads" classname="com.kafka.starter.StarterApplicationTests" time="0.744">
    <system-out><![CDATA[13:33:57.362 [main] INFO org.springframework.test.context.support.AnnotationConfigContextLoaderUtils -- Could not detect default configuration classes for test class [com.kafka.starter.StarterApplicationTests]: StarterApplicationTests does not declare any static, non-private, non-final, nested classes annotated with @Configuration.
13:33:57.423 [main] INFO org.springframework.boot.test.context.SpringBootTestContextBootstrapper -- Found @SpringBootConfiguration com.kafka.starter.StarterApplication for test class com.kafka.starter.StarterApplicationTests

  .   ____          _            __ _ _
 /\\ / ___'_ __ _ _(_)_ __  __ _ \ \ \ \
( ( )\___ | '_ | '_| | '_ \/ _` | \ \ \ \
 \\/  ___)| |_)| | | | | || (_| |  ) ) ) )
  '  |____| .__|_| |_|_| |_\__, | / / / /
 =========|_|==============|___/=/_/_/_/
 :: Spring Boot ::                (v3.1.5)

2023-11-13T13:33:57.652+01:00  INFO 89223 --- [           main] c.kafka.starter.StarterApplicationTests  : Starting StarterApplicationTests using Java 21.0.1 with PID 89223 (started by edyta.lysiak in /Users/edyta.lysiak/Desktop/GitHub/kafka-starter)
2023-11-13T13:33:57.653+01:00  INFO 89223 --- [           main] c.kafka.starter.StarterApplicationTests  : No active profile set, falling back to 1 default profile: "default"
2023-11-13T13:33:58.020+01:00  INFO 89223 --- [           main] c.kafka.starter.StarterApplicationTests  : Started StarterApplicationTests in 0.521 seconds (process running for 1.198)
]]></system-out>
    <system-err><![CDATA[WARNING: A Java agent has been loaded dynamically (/Users/edyta.lysiak/.m2/repository/net/bytebuddy/byte-buddy-agent/1.14.9/byte-buddy-agent-1.14.9.jar)
WARNING: If a serviceability tool is in use, please run with -XX:+EnableDynamicAgentLoading to hide this warning
WARNING: If a serviceability tool is not in use, please run with -Djdk.instrument.traceUsage for more information
WARNING: Dynamic loading of agents will be disallowed by default in a future release
]]></system-err>
  </testcase>
</testsuite>